2018-12-19 15:58:51.6696||DEBUG|BloggingEngine.Program|init main |url: |action: 
2018-12-19 15:59:48.5014||INFO|CSharp_Pline.Controllers.PokeActionFilter|/blogging |url: http://localhost/blogging|action: Index
2018-12-19 15:59:48.5146||INFO|BloggingEngine.Controllers.BloggingController|Index page says hello |url: http://localhost/blogging|action: Index
2018-12-19 15:59:51.2514||INFO|CSharp_Pline.Controllers.PokeActionFilter|/blogging |url: http://localhost/blogging|action: Index
2018-12-19 15:59:57.0436||INFO|CSharp_Pline.Controllers.PokeActionFilter|/blogging/blog/1 |url: http://localhost/blogging/blog/1|action: Posts
2018-12-19 15:59:57.3058|20102|ERROR|Microsoft.EntityFrameworkCore.Database.Command|Failed executing DbCommand (10ms) [Parameters=[@__Id_0='?'], CommandType='Text', CommandTimeout='30']
SELECT "_bloggingContext"."Id", "_bloggingContext"."BlogId", "_bloggingContext"."Content", "_bloggingContext"."Date", "_bloggingContext"."Title"
FROM "Posts" AS "_bloggingContext"
WHERE "_bloggingContext"."BlogId" = @__Id_0 Microsoft.Data.Sqlite.SqliteException (0x80004005): SQLite Error 1: 'no such column: _bloggingContext.Date'.
   at Microsoft.Data.Sqlite.SqliteException.ThrowExceptionForRC(Int32 rc, sqlite3 db)
   at Microsoft.Data.Sqlite.SqliteCommand.PrepareAndEnumerateStatements(Stopwatch timer)+MoveNext()
   at Microsoft.Data.Sqlite.SqliteCommand.ExecuteReader(CommandBehavior behavior)
   at Microsoft.EntityFrameworkCore.Storage.Internal.RelationalCommand.Execute(IRelationalConnection connection, DbCommandMethod executeMethod, IReadOnlyDictionary`2 parameterValues)|url: http://localhost/blogging/blog/1|action: Posts
2018-12-19 15:59:57.4073|10100|ERROR|Microsoft.EntityFrameworkCore.Query|An exception occurred in the database while iterating the results of a query for context type 'BloggingEngine.DataAccess.BloggingContext'.
Microsoft.Data.Sqlite.SqliteException (0x80004005): SQLite Error 1: 'no such column: _bloggingContext.Date'.
   at Microsoft.Data.Sqlite.SqliteException.ThrowExceptionForRC(Int32 rc, sqlite3 db)
   at Microsoft.Data.Sqlite.SqliteCommand.PrepareAndEnumerateStatements(Stopwatch timer)+MoveNext()
   at Microsoft.Data.Sqlite.SqliteCommand.ExecuteReader(CommandBehavior behavior)
   at Microsoft.EntityFrameworkCore.Storage.Internal.RelationalCommand.Execute(IRelationalConnection connection, DbCommandMethod executeMethod, IReadOnlyDictionary`2 parameterValues)
   at Microsoft.EntityFrameworkCore.Storage.Internal.RelationalCommand.ExecuteReader(IRelationalConnection connection, IReadOnlyDictionary`2 parameterValues)
   at Microsoft.EntityFrameworkCore.Query.Internal.QueryingEnumerable`1.Enumerator.BufferlessMoveNext(DbContext _, Boolean buffer)
   at Microsoft.EntityFrameworkCore.Query.Internal.QueryingEnumerable`1.Enumerator.MoveNext()
   at Microsoft.EntityFrameworkCore.Query.Internal.LinqOperatorProvider._TrackEntities[TOut,TIn](IEnumerable`1 results, QueryContext queryContext, IList`1 entityTrackingInfos, IList`1 entityAccessors)+MoveNext()
   at Microsoft.EntityFrameworkCore.Query.Internal.LinqOperatorProvider.ExceptionInterceptor`1.EnumeratorExceptionInterceptor.MoveNext() Microsoft.Data.Sqlite.SqliteException (0x80004005): SQLite Error 1: 'no such column: _bloggingContext.Date'.
   at Microsoft.Data.Sqlite.SqliteException.ThrowExceptionForRC(Int32 rc, sqlite3 db)
   at Microsoft.Data.Sqlite.SqliteCommand.PrepareAndEnumerateStatements(Stopwatch timer)+MoveNext()
   at Microsoft.Data.Sqlite.SqliteCommand.ExecuteReader(CommandBehavior behavior)
   at Microsoft.EntityFrameworkCore.Storage.Internal.RelationalCommand.Execute(IRelationalConnection connection, DbCommandMethod executeMethod, IReadOnlyDictionary`2 parameterValues)
   at Microsoft.EntityFrameworkCore.Storage.Internal.RelationalCommand.ExecuteReader(IRelationalConnection connection, IReadOnlyDictionary`2 parameterValues)
   at Microsoft.EntityFrameworkCore.Query.Internal.QueryingEnumerable`1.Enumerator.BufferlessMoveNext(DbContext _, Boolean buffer)
   at Microsoft.EntityFrameworkCore.Query.Internal.QueryingEnumerable`1.Enumerator.MoveNext()
   at Microsoft.EntityFrameworkCore.Query.Internal.LinqOperatorProvider._TrackEntities[TOut,TIn](IEnumerable`1 results, QueryContext queryContext, IList`1 entityTrackingInfos, IList`1 entityAccessors)+MoveNext()
   at Microsoft.EntityFrameworkCore.Query.Internal.LinqOperatorProvider.ExceptionInterceptor`1.EnumeratorExceptionInterceptor.MoveNext()|url: http://localhost/blogging/blog/1|action: Posts
2018-12-19 15:59:57.4073||INFO|CSharp_Pline.Controllers.PokeActionFilter|/blogging/blog/1 |url: http://localhost/blogging/blog/1|action: Posts
2018-12-19 15:59:57.4266|1|ERROR|Microsoft.AspNetCore.Diagnostics.DeveloperExceptionPageMiddleware|An unhandled exception has occurred while executing the request. Microsoft.Data.Sqlite.SqliteException (0x80004005): SQLite Error 1: 'no such column: _bloggingContext.Date'.
   at Microsoft.Data.Sqlite.SqliteException.ThrowExceptionForRC(Int32 rc, sqlite3 db)
   at Microsoft.Data.Sqlite.SqliteCommand.PrepareAndEnumerateStatements(Stopwatch timer)+MoveNext()
   at Microsoft.Data.Sqlite.SqliteCommand.ExecuteReader(CommandBehavior behavior)
   at Microsoft.EntityFrameworkCore.Storage.Internal.RelationalCommand.Execute(IRelationalConnection connection, DbCommandMethod executeMethod, IReadOnlyDictionary`2 parameterValues)
   at Microsoft.EntityFrameworkCore.Storage.Internal.RelationalCommand.ExecuteReader(IRelationalConnection connection, IReadOnlyDictionary`2 parameterValues)
   at Microsoft.EntityFrameworkCore.Query.Internal.QueryingEnumerable`1.Enumerator.BufferlessMoveNext(DbContext _, Boolean buffer)
   at Microsoft.EntityFrameworkCore.Query.Internal.QueryingEnumerable`1.Enumerator.MoveNext()
   at Microsoft.EntityFrameworkCore.Query.Internal.LinqOperatorProvider._TrackEntities[TOut,TIn](IEnumerable`1 results, QueryContext queryContext, IList`1 entityTrackingInfos, IList`1 entityAccessors)+MoveNext()
   at Microsoft.EntityFrameworkCore.Query.Internal.LinqOperatorProvider.ExceptionInterceptor`1.EnumeratorExceptionInterceptor.MoveNext()
   at System.Collections.Generic.List`1.AddEnumerable(IEnumerable`1 enumerable)
   at System.Linq.Enumerable.ToList[TSource](IEnumerable`1 source)
   at BloggingEngine.Controllers.BloggingController.Posts(Int32 Id) in D:\OneDrive - Thomas More\school 2019\ASP.NET\bloggingengine\Controllers\BloggingController.cs:line 123
   at lambda_method(Closure , Object , Object[] )
   at Microsoft.Extensions.Internal.ObjectMethodExecutor.Execute(Object target, Object[] parameters)
   at Microsoft.AspNetCore.Mvc.Internal.ActionMethodExecutor.SyncActionResultExecutor.Execute(IActionResultTypeMapper mapper, ObjectMethodExecutor executor, Object controller, Object[] arguments)
   at Microsoft.AspNetCore.Mvc.Internal.ControllerActionInvoker.InvokeActionMethodAsync()
   at Microsoft.AspNetCore.Mvc.Internal.ControllerActionInvoker.InvokeNextActionFilterAsync()
   at Microsoft.AspNetCore.Mvc.Internal.ControllerActionInvoker.Rethrow(ActionExecutedContext context)
   at Microsoft.AspNetCore.Mvc.Internal.ControllerActionInvoker.Next(State& next, Scope& scope, Object& state, Boolean& isCompleted)
   at Microsoft.AspNetCore.Mvc.Internal.ControllerActionInvoker.InvokeInnerFilterAsync()
   at Microsoft.AspNetCore.Mvc.Internal.ResourceInvoker.InvokeNextResourceFilter()
   at Microsoft.AspNetCore.Mvc.Internal.ResourceInvoker.Rethrow(ResourceExecutedContext context)
   at Microsoft.AspNetCore.Mvc.Internal.ResourceInvoker.Next(State& next, Scope& scope, Object& state, Boolean& isCompleted)
   at Microsoft.AspNetCore.Mvc.Internal.ResourceInvoker.InvokeFilterPipelineAsync()
   at Microsoft.AspNetCore.Mvc.Internal.ResourceInvoker.InvokeAsync()
   at Microsoft.AspNetCore.Builder.RouterMiddleware.Invoke(HttpContext httpContext)
   at Microsoft.AspNetCore.StaticFiles.StaticFileMiddleware.Invoke(HttpContext context)
   at CSharp_Pline.PokeMiddleware.InvokeAsync(HttpContext context) in D:\OneDrive - Thomas More\school 2019\ASP.NET\bloggingengine\PokeMiddleware.cs:line 22
   at Microsoft.AspNetCore.Diagnostics.DeveloperExceptionPageMiddleware.Invoke(HttpContext context)|url: http://localhost/blogging/blog/1|action: Posts
2018-12-19 17:05:24.6608||DEBUG|BloggingEngine.Program|init main |url: |action: 
2018-12-19 17:05:51.5939||DEBUG|BloggingEngine.Program|init main |url: |action: 
2018-12-19 17:07:36.3322||INFO|CSharp_Pline.Controllers.PokeActionFilter|/blogging |url: http://localhost/blogging|action: Index
2018-12-19 17:07:36.3626||INFO|BloggingEngine.Controllers.BloggingController|Index page says hello |url: http://localhost/blogging|action: Index
2018-12-19 17:07:39.5514||INFO|CSharp_Pline.Controllers.PokeActionFilter|/blogging |url: http://localhost/blogging|action: Index
2018-12-19 17:07:40.3511||INFO|CSharp_Pline.Controllers.PokeActionFilter|/blogging |url: http://localhost/blogging|action: Index
2018-12-19 17:07:40.3584||INFO|BloggingEngine.Controllers.BloggingController|Index page says hello |url: http://localhost/blogging|action: Index
2018-12-19 17:07:40.3974||INFO|CSharp_Pline.Controllers.PokeActionFilter|/blogging |url: http://localhost/blogging|action: Index
2018-12-19 17:08:05.6042||INFO|CSharp_Pline.Controllers.PokeActionFilter|/blogging/blog/1 |url: http://localhost/blogging/blog/1|action: Posts
2018-12-19 17:08:06.1183||INFO|CSharp_Pline.Controllers.PokeActionFilter|/blogging/blog/1 |url: http://localhost/blogging/blog/1|action: Posts
2018-12-19 17:13:46.2469||INFO|CSharp_Pline.Controllers.PokeActionFilter|/blogging/post/1 |url: http://localhost/blogging/post/1|action: PostDetail
2018-12-19 17:13:46.3269||INFO|CSharp_Pline.Controllers.PokeActionFilter|/blogging/post/1 |url: http://localhost/blogging/post/1|action: PostDetail
2018-12-19 17:13:59.6305||INFO|CSharp_Pline.Controllers.PokeActionFilter|/blogging/post/1 |url: http://localhost/blogging/post/1|action: Comment
2018-12-19 17:14:00.5227||INFO|CSharp_Pline.Controllers.PokeActionFilter|/blogging/post/1 |url: http://localhost/blogging/post/1|action: Comment
2018-12-19 17:14:00.5931||INFO|CSharp_Pline.Controllers.PokeActionFilter|/blogging/post/1 |url: http://localhost/blogging/post/1|action: PostDetail
2018-12-19 17:14:00.7160||INFO|CSharp_Pline.Controllers.PokeActionFilter|/blogging/post/1 |url: http://localhost/blogging/post/1|action: PostDetail
2018-12-19 17:16:00.0685||INFO|CSharp_Pline.Controllers.PokeActionFilter|/blogging/post/1 |url: http://localhost/blogging/post/1|action: Comment
2018-12-19 17:16:00.2499||INFO|CSharp_Pline.Controllers.PokeActionFilter|/blogging/post/1 |url: http://localhost/blogging/post/1|action: Comment
2018-12-19 17:16:00.2679||INFO|CSharp_Pline.Controllers.PokeActionFilter|/blogging/post/1 |url: http://localhost/blogging/post/1|action: PostDetail
2018-12-19 17:16:00.3146||INFO|CSharp_Pline.Controllers.PokeActionFilter|/blogging/post/1 |url: http://localhost/blogging/post/1|action: PostDetail
2018-12-19 17:16:25.2459||DEBUG|BloggingEngine.Program|init main |url: |action: 
2018-12-19 17:16:28.9904||INFO|CSharp_Pline.Controllers.PokeActionFilter|/blogging |url: http://localhost/blogging|action: Index
2018-12-19 17:16:29.0173||INFO|BloggingEngine.Controllers.BloggingController|Index page says hello |url: http://localhost/blogging|action: Index
2018-12-19 17:16:29.2257||INFO|CSharp_Pline.Controllers.PokeActionFilter|/blogging |url: http://localhost/blogging|action: Index
2018-12-19 17:16:29.2441||INFO|BloggingEngine.Controllers.BloggingController|Index page says hello |url: http://localhost/blogging|action: Index
2018-12-19 17:16:31.8919||INFO|CSharp_Pline.Controllers.PokeActionFilter|/blogging |url: http://localhost/blogging|action: Index
2018-12-19 17:16:31.8919||INFO|CSharp_Pline.Controllers.PokeActionFilter|/blogging |url: http://localhost/blogging|action: Index
2018-12-19 17:16:35.2412||INFO|CSharp_Pline.Controllers.PokeActionFilter|/blogging/blog/1 |url: http://localhost/blogging/blog/1|action: Posts
2018-12-19 17:16:35.7580||INFO|CSharp_Pline.Controllers.PokeActionFilter|/blogging/blog/1 |url: http://localhost/blogging/blog/1|action: Posts
2018-12-19 17:16:44.4126||INFO|CSharp_Pline.Controllers.PokeActionFilter|/blogging/post/1 |url: http://localhost/blogging/post/1|action: PostDetail
2018-12-19 17:16:44.5969||INFO|CSharp_Pline.Controllers.PokeActionFilter|/blogging/post/1 |url: http://localhost/blogging/post/1|action: PostDetail
2018-12-19 17:16:51.7231||INFO|CSharp_Pline.Controllers.PokeActionFilter|/blogging/post/1 |url: http://localhost/blogging/post/1|action: Comment
2018-12-19 17:16:52.6196||INFO|CSharp_Pline.Controllers.PokeActionFilter|/blogging/post/1 |url: http://localhost/blogging/post/1|action: Comment
2018-12-19 17:16:52.6577||INFO|CSharp_Pline.Controllers.PokeActionFilter|/blogging/post/1 |url: http://localhost/blogging/post/1|action: PostDetail
2018-12-19 17:16:52.7503||INFO|CSharp_Pline.Controllers.PokeActionFilter|/blogging/post/1 |url: http://localhost/blogging/post/1|action: PostDetail
2018-12-19 17:17:13.4819||DEBUG|BloggingEngine.Program|init main |url: |action: 
2018-12-19 17:18:48.3332||INFO|CSharp_Pline.Controllers.PokeActionFilter|/blogging/post/1 |url: http://localhost/blogging/post/1|action: PostDetail
2018-12-19 17:18:51.7795||INFO|CSharp_Pline.Controllers.PokeActionFilter|/blogging/post/1 |url: http://localhost/blogging/post/1|action: PostDetail
2018-12-19 17:18:57.3571||INFO|CSharp_Pline.Controllers.PokeActionFilter|/blogging/post/1 |url: http://localhost/blogging/post/1|action: Comment
2018-12-19 17:18:58.1286||INFO|CSharp_Pline.Controllers.PokeActionFilter|/blogging/post/1 |url: http://localhost/blogging/post/1|action: Comment
2018-12-19 17:18:58.1595||INFO|CSharp_Pline.Controllers.PokeActionFilter|/blogging/post/1 |url: http://localhost/blogging/post/1|action: PostDetail
2018-12-19 17:18:58.2362||INFO|CSharp_Pline.Controllers.PokeActionFilter|/blogging/post/1 |url: http://localhost/blogging/post/1|action: PostDetail
2018-12-19 17:20:57.7813||INFO|CSharp_Pline.Controllers.PokeActionFilter|/blogging/post/1 |url: http://localhost/blogging/post/1|action: Comment
2018-12-19 17:20:58.0014||INFO|CSharp_Pline.Controllers.PokeActionFilter|/blogging/post/1 |url: http://localhost/blogging/post/1|action: Comment
2018-12-19 17:20:58.0237||INFO|CSharp_Pline.Controllers.PokeActionFilter|/blogging/post/1 |url: http://localhost/blogging/post/1|action: PostDetail
2018-12-19 17:20:58.1252||INFO|CSharp_Pline.Controllers.PokeActionFilter|/blogging/post/1 |url: http://localhost/blogging/post/1|action: PostDetail
2018-12-19 17:21:58.4573||DEBUG|BloggingEngine.Program|init main |url: |action: 
2018-12-19 17:22:08.5749||INFO|CSharp_Pline.Controllers.PokeActionFilter|/blogging/post/1 |url: http://localhost/blogging/post/1|action: PostDetail
2018-12-19 17:22:12.5324||INFO|CSharp_Pline.Controllers.PokeActionFilter|/blogging/post/1 |url: http://localhost/blogging/post/1|action: PostDetail
2018-12-19 17:22:28.8087||INFO|CSharp_Pline.Controllers.PokeActionFilter|/blogging/post/1 |url: http://localhost/blogging/post/1|action: PostDetail
2018-12-19 17:22:28.9254||INFO|CSharp_Pline.Controllers.PokeActionFilter|/blogging/post/1 |url: http://localhost/blogging/post/1|action: PostDetail
2018-12-19 17:22:34.9023||INFO|CSharp_Pline.Controllers.PokeActionFilter|/blogging/post/1 |url: http://localhost/blogging/post/1|action: Comment
2018-12-19 17:22:35.6919||INFO|CSharp_Pline.Controllers.PokeActionFilter|/blogging/post/1 |url: http://localhost/blogging/post/1|action: Comment
2018-12-19 17:22:35.7228||INFO|CSharp_Pline.Controllers.PokeActionFilter|/blogging/post/1 |url: http://localhost/blogging/post/1|action: PostDetail
2018-12-19 17:22:35.8596||INFO|CSharp_Pline.Controllers.PokeActionFilter|/blogging/post/1 |url: http://localhost/blogging/post/1|action: PostDetail
